<?xml version="1.0" encoding="UTF-8"?>
<testng-results skipped="0" failed="0" total="2" passed="2">
  <reporter-output>
  </reporter-output>
  <suite name="Default suite" duration-ms="23376" started-at="2018-01-10T11:00:23Z" finished-at="2018-01-10T11:00:46Z">
    <groups>
    </groups>
    <test name="Default test" duration-ms="23376" started-at="2018-01-10T11:00:23Z" finished-at="2018-01-10T11:00:46Z">
      <class name="RrcmPack.NewTest">
        <test-method status="PASS" signature="beforeTest()[pri:0, instance:RrcmPack.NewTest@19eb89]" name="beforeTest" is-config="true" duration-ms="4259" started-at="2018-01-10T16:30:23Z" finished-at="2018-01-10T16:30:27Z">
          <reporter-output>
          </reporter-output>
        </test-method> <!-- beforeTest -->
        <test-method status="PASS" signature="verifyPageTitle()[pri:1, instance:RrcmPack.NewTest@19eb89]" name="verifyPageTitle" duration-ms="9456" started-at="2018-01-10T16:30:27Z" finished-at="2018-01-10T16:30:36Z">
          <reporter-output>
          </reporter-output>
        </test-method> <!-- verifyPageTitle -->
        <test-method status="PASS" signature="userLogIn()[pri:2, instance:RrcmPack.NewTest@19eb89]" name="userLogIn" duration-ms="9617" started-at="2018-01-10T16:30:37Z" finished-at="2018-01-10T16:30:46Z">
          <reporter-output>
          </reporter-output>
        </test-method> <!-- userLogIn -->
        <test-method status="PASS" signature="afterTest()[pri:0, instance:RrcmPack.NewTest@19eb89]" name="afterTest" is-config="true" duration-ms="0" started-at="2018-01-10T16:30:46Z" finished-at="2018-01-10T16:30:46Z">
          <reporter-output>
          </reporter-output>
        </test-method> <!-- afterTest -->
      </class> <!-- RrcmPack.NewTest -->
    </test> <!-- Default test -->
  </suite> <!-- Default suite -->
</testng-results>
